<?xml version="1.0" encoding="UTF-8"?>
<!-- Generated by org.testng.reporters.JUnitReportReporter -->
<testsuite hostname="Karthi" failures="0" tests="3" name="testCases.Module1_Login" time="43.581" errors="0" timestamp="2025-10-09T00:27:43 IST" skipped="0">
  <testcase classname="testCases.Module1_Login" name="verifyLoginWithValidData" time="11.755"/>
  <testcase classname="testCases.Module1_Login" name="verifyLoginWithInvalidData" time="14.327"/>
  <testcase classname="testCases.Module1_Login" name="verifyLoginWithNoData" time="17.499"/>
</testsuite> <!-- testCases.Module1_Login -->
