<?xml version="1.0" encoding="UTF-8"?>
<!-- Generated by org.testng.reporters.JUnitReportReporter -->
<testsuite hostname="Karthi" failures="0" tests="3" name="testCases.Module1_Login" time="26.797" errors="0" timestamp="2025-10-12T00:42:21 IST" skipped="0">
  <testcase classname="testCases.Module1_Login" name="verifyLoginWithValidData" time="12.353"/>
  <testcase classname="testCases.Module1_Login" name="verifyLoginWithInvalidData" time="8.042"/>
  <testcase classname="testCases.Module1_Login" name="verifyLoginWithNoData" time="6.402"/>
</testsuite> <!-- testCases.Module1_Login -->
