<?xml version="1.0" encoding="UTF-8"?>
<!-- Generated by org.testng.reporters.JUnitReportReporter -->
<testsuite hostname="Karthi" failures="0" tests="3" name="testCases.Module1_Login" time="68.690" errors="0" timestamp="2025-10-11T23:09:07 IST" skipped="0">
  <testcase classname="testCases.Module1_Login" name="verifyLoginWithValidData" time="25.203"/>
  <testcase classname="testCases.Module1_Login" name="verifyLoginWithInvalidData" time="16.363"/>
  <testcase classname="testCases.Module1_Login" name="verifyLoginWithNoData" time="27.124"/>
</testsuite> <!-- testCases.Module1_Login -->
