<?xml version="1.0" encoding="UTF-8"?>
<!-- Generated by org.testng.reporters.JUnitReportReporter -->
<testsuite hostname="Karthi" failures="0" tests="3" name="testCases.Module1_Login" time="27.420" errors="0" timestamp="2025-10-12T01:23:47 IST" skipped="0">
  <testcase classname="testCases.Module1_Login" name="verifyLoginWithValidData" time="14.394"/>
  <testcase classname="testCases.Module1_Login" name="verifyLoginWithInvalidData" time="7.657"/>
  <testcase classname="testCases.Module1_Login" name="verifyLoginWithNoData" time="5.369"/>
</testsuite> <!-- testCases.Module1_Login -->
