<?xml version="1.0" encoding="UTF-8"?>
<!-- Generated by org.testng.reporters.JUnitReportReporter -->
<testsuite hostname="Karthi" failures="0" tests="3" name="testCases.Module1_Login" time="49.776" errors="0" timestamp="2025-10-12T03:31:44 IST" skipped="0">
  <testcase classname="testCases.Module1_Login" name="VerifyLoginWithValidData" time="21.816">
    <system-out>
      <![CDATA[Launched Chrome browser
Browser Maximized
Navigated to https://opensource-demo.orangehrmlive.com/web/index.php/auth/login
Implicit wait set to: 10 seconds
Element display is verified
Entered Admin
Entered admin123
Clicked on
Element display is verified]]>
    </system-out>
  </testcase> <!-- VerifyLoginWithValidData -->
  <testcase classname="testCases.Module1_Login" name="VerifyLoginWithInvalidData" time="15.019">
    <system-out>
      <![CDATA[Launched Chrome browser
Browser Maximized
Navigated to https://opensource-demo.orangehrmlive.com/web/index.php/auth/login
Implicit wait set to: 10 seconds
Element display is verified
Entered Admin
Entered Admin
Clicked on
Element display is verified]]>
    </system-out>
  </testcase> <!-- VerifyLoginWithInvalidData -->
  <testcase classname="testCases.Module1_Login" name="VerifyLoginWithNoData" time="12.941">
    <system-out>
      <![CDATA[Launched Chrome browser
Browser Maximized
Navigated to https://opensource-demo.orangehrmlive.com/web/index.php/auth/login
Implicit wait set to: 10 seconds
Element display is verified
Clicked on
Element display is verified
Element display is verified]]>
    </system-out>
  </testcase> <!-- VerifyLoginWithNoData -->
  <system-out>
    <![CDATA[Launched Chrome browser
Browser Maximized
Navigated to https://opensource-demo.orangehrmlive.com/web/index.php/auth/login
Implicit wait set to: 10 seconds
Element display is verified
Entered Admin
Entered admin123
Clicked on
Element display is verified
Closed browser
Launched Chrome browser
Browser Maximized
Navigated to https://opensource-demo.orangehrmlive.com/web/index.php/auth/login
Implicit wait set to: 10 seconds
Element display is verified
Entered Admin
Entered Admin
Clicked on
Element display is verified
Closed browser
Launched Chrome browser
Browser Maximized
Navigated to https://opensource-demo.orangehrmlive.com/web/index.php/auth/login
Implicit wait set to: 10 seconds
Element display is verified
Clicked on
Element display is verified
Element display is verified
Closed browser]]>
  </system-out>
</testsuite> <!-- testCases.Module1_Login -->
