<?xml version="1.0" encoding="UTF-8"?>
<!-- Generated by org.testng.reporters.JUnitReportReporter -->
<testsuite hostname="Karthi" failures="0" tests="3" name="testCases.Module1_Login" time="91.484" errors="0" timestamp="2025-10-12T23:05:11 IST" skipped="0">
  <testcase classname="testCases.Module1_Login" name="VerifyLoginWithValidData" time="46.161">
    <system-out>
      <![CDATA[Launched Chrome browser
Browser Maximized
Navigated to https://opensource-demo.orangehrmlive.com/web/index.php/auth/login
Implicit wait set to: 10 seconds
Locator Used -> xpath://h5[text()='Login']
Login Text is displayed
Locator Used -> cssSelector:input[placeholder='Username']
Entered Admin into Username Text Field
Locator Used -> cssSelector:input[placeholder='Password']
Entered admin123 into Password Text Field
Locator Used -> xpath://button[normalize-space(.)='Login']
Clicked on Login Button
Locator Used -> xpath://h6[text()='Dashboard']
Dashboard Text is displayed]]>
    </system-out>
  </testcase> <!-- VerifyLoginWithValidData -->
  <testcase classname="testCases.Module1_Login" name="VerifyLoginWithInvalidData" time="20.633">
    <system-out>
      <![CDATA[Launched Chrome browser
Browser Maximized
Navigated to https://opensource-demo.orangehrmlive.com/web/index.php/auth/login
Implicit wait set to: 10 seconds
Locator Used -> xpath://h5[text()='Login']
Login Text is displayed
Locator Used -> cssSelector:input[placeholder='Username']
Entered Admin into Username Text Field
Locator Used -> cssSelector:input[placeholder='Password']
Entered Admin into Password Text Field
Locator Used -> xpath://button[normalize-space(.)='Login']
Clicked on Login Button
Locator Used -> xpath://p[text()='Invalid credentials']
Invalid Credential Text is displayed]]>
    </system-out>
  </testcase> <!-- VerifyLoginWithInvalidData -->
  <testcase classname="testCases.Module1_Login" name="VerifyLoginWithNoData" time="24.690">
    <system-out>
      <![CDATA[Launched Chrome browser
Browser Maximized
Navigated to https://opensource-demo.orangehrmlive.com/web/index.php/auth/login
Implicit wait set to: 10 seconds
Locator Used -> xpath://h5[text()='Login']
Login Text is displayed
Locator Used -> xpath://button[normalize-space(.)='Login']
Clicked on Login Button
Locator Used -> xpath://label[text()='Username']/../..//span[text()='Required']
Username Required Text is displayed
Locator Used -> xpath://label[text()='Password']/../..//span[text()='Required']
Password Required Text is displayed]]>
    </system-out>
  </testcase> <!-- VerifyLoginWithNoData -->
  <system-out>
    <![CDATA[Launched Chrome browser
Browser Maximized
Navigated to https://opensource-demo.orangehrmlive.com/web/index.php/auth/login
Implicit wait set to: 10 seconds
Locator Used -> xpath://h5[text()='Login']
Login Text is displayed
Locator Used -> cssSelector:input[placeholder='Username']
Entered Admin into Username Text Field
Locator Used -> cssSelector:input[placeholder='Password']
Entered admin123 into Password Text Field
Locator Used -> xpath://button[normalize-space(.)='Login']
Clicked on Login Button
Locator Used -> xpath://h6[text()='Dashboard']
Dashboard Text is displayed
Closed browser
Launched Chrome browser
Browser Maximized
Navigated to https://opensource-demo.orangehrmlive.com/web/index.php/auth/login
Implicit wait set to: 10 seconds
Locator Used -> xpath://h5[text()='Login']
Login Text is displayed
Locator Used -> cssSelector:input[placeholder='Username']
Entered Admin into Username Text Field
Locator Used -> cssSelector:input[placeholder='Password']
Entered Admin into Password Text Field
Locator Used -> xpath://button[normalize-space(.)='Login']
Clicked on Login Button
Locator Used -> xpath://p[text()='Invalid credentials']
Invalid Credential Text is displayed
Closed browser
Launched Chrome browser
Browser Maximized
Navigated to https://opensource-demo.orangehrmlive.com/web/index.php/auth/login
Implicit wait set to: 10 seconds
Locator Used -> xpath://h5[text()='Login']
Login Text is displayed
Locator Used -> xpath://button[normalize-space(.)='Login']
Clicked on Login Button
Locator Used -> xpath://label[text()='Username']/../..//span[text()='Required']
Username Required Text is displayed
Locator Used -> xpath://label[text()='Password']/../..//span[text()='Required']
Password Required Text is displayed
Closed browser]]>
  </system-out>
</testsuite> <!-- testCases.Module1_Login -->
